
*** Running vivado
    with args -log CSSTE.vds -m64 -product Vivado -mode batch -messageDb vivado.pb -notrace -source CSSTE.tcl


ECHO 处于关闭状态。
ECHO 处于关闭状态。

****** Vivado v2023.1 (64-bit)
  **** SW Build 3865809 on Sun May  7 15:05:29 MDT 2023
  **** IP Build 3864474 on Sun May  7 20:36:21 MDT 2023
  **** SharedData Build 3865790 on Sun May 07 13:33:03 MDT 2023
    ** Copyright 1986-2022 Xilinx, Inc. All Rights Reserved.
    ** Copyright 2022-2023 Advanced Micro Devices, Inc. All Rights Reserved.

source CSSTE.tcl -notrace
create_project: Time (s): cpu = 00:00:06 ; elapsed = 00:00:15 . Memory (MB): peak = 450.660 ; gain = 164.750
INFO: [IP_Flow 19-234] Refreshing IP repositories
INFO: [IP_Flow 19-1700] Loaded user IP repository 'c:/Users/lqy/Desktop/Lab2/IPs'.
INFO: [IP_Flow 19-2313] Loaded Vivado IP repository 'D:/Vivado/2023.1/data/ip'.
Command: read_checkpoint -auto_incremental -incremental C:/Users/lqy/Desktop/Lab2/Lab2.srcs/utils_1/imports/synth_1/CSSTE.dcp
INFO: [Vivado 12-5825] Read reference checkpoint from C:/Users/lqy/Desktop/Lab2/Lab2.srcs/utils_1/imports/synth_1/CSSTE.dcp for incremental synthesis
INFO: [Vivado 12-7989] Please ensure there are no constraint changes
Command: synth_design -top CSSTE -part xc7a100tcsg324-1
Starting synth_design
Attempting to get a license for feature 'Synthesis' and/or device 'xc7a100t'
INFO: [Common 17-349] Got license for feature 'Synthesis' and/or device 'xc7a100t'
INFO: [Device 21-403] Loading part xc7a100tcsg324-1
INFO: [Designutils 20-5440] No compile time benefit to using incremental synthesis; A full resynthesis will be run
INFO: [Designutils 20-4379] Flow is switching to default flow due to incremental criteria not met. If you would like to alter this behaviour and have the flow terminate instead, please set the following parameter config_implementation {autoIncr.Synth.RejectBehavior Terminate}
INFO: [Synth 8-7079] Multithreading enabled for synth_design using a maximum of 2 processes.
INFO: [Synth 8-7078] Launching helper process for spawning children vivado processes
INFO: [Synth 8-7075] Helper process launched with PID 36356
---------------------------------------------------------------------------------
Starting RTL Elaboration : Time (s): cpu = 00:00:05 ; elapsed = 00:00:08 . Memory (MB): peak = 1291.789 ; gain = 411.613
---------------------------------------------------------------------------------
INFO: [Synth 8-6157] synthesizing module 'CSSTE' [C:/Users/lqy/Desktop/Lab2/Lab2.srcs/sources_1/new/CSSTE.v:3]
INFO: [Synth 8-6157] synthesizing module 'SCPU' [C:/Users/lqy/Desktop/Lab2/IPs/SCPU.v:15]
WARNING: [Synth 8-7071] port 'CPU_MIO' of module 'SCPU' is unconnected for instance 'U1' [C:/Users/lqy/Desktop/Lab2/Lab2.srcs/sources_1/new/CSSTE.v:102]
WARNING: [Synth 8-7023] instance 'U1' of module 'SCPU' has 10 connections declared, but only 9 given [C:/Users/lqy/Desktop/Lab2/Lab2.srcs/sources_1/new/CSSTE.v:102]
INFO: [Synth 8-638] synthesizing module 'ROM_D' [c:/Users/lqy/Desktop/Lab2/Lab2.gen/sources_1/ip/ROM_D/synth/ROM_D.vhd:66]
	Parameter C_FAMILY bound to: artix7 - type: string 
	Parameter C_ADDR_WIDTH bound to: 10 - type: integer 
	Parameter C_DEFAULT_DATA bound to: 0 - type: string 
	Parameter C_DEPTH bound to: 1024 - type: integer 
	Parameter C_HAS_CLK bound to: 0 - type: integer 
	Parameter C_HAS_D bound to: 0 - type: integer 
	Parameter C_HAS_DPO bound to: 0 - type: integer 
	Parameter C_HAS_DPRA bound to: 0 - type: integer 
	Parameter C_HAS_I_CE bound to: 0 - type: integer 
	Parameter C_HAS_QDPO bound to: 0 - type: integer 
	Parameter C_HAS_QDPO_CE bound to: 0 - type: integer 
	Parameter C_HAS_QDPO_CLK bound to: 0 - type: integer 
	Parameter C_HAS_QDPO_RST bound to: 0 - type: integer 
	Parameter C_HAS_QDPO_SRST bound to: 0 - type: integer 
	Parameter C_HAS_QSPO bound to: 0 - type: integer 
	Parameter C_HAS_QSPO_CE bound to: 0 - type: integer 
	Parameter C_HAS_QSPO_RST bound to: 0 - type: integer 
	Parameter C_HAS_QSPO_SRST bound to: 0 - type: integer 
	Parameter C_HAS_SPO bound to: 1 - type: integer 
	Parameter C_HAS_WE bound to: 0 - type: integer 
	Parameter C_MEM_INIT_FILE bound to: ROM_D.mif - type: string 
	Parameter C_ELABORATION_DIR bound to: ./ - type: string 
	Parameter C_MEM_TYPE bound to: 0 - type: integer 
	Parameter C_PIPELINE_STAGES bound to: 0 - type: integer 
	Parameter C_QCE_JOINED bound to: 0 - type: integer 
	Parameter C_QUALIFY_WE bound to: 0 - type: integer 
	Parameter C_READ_MIF bound to: 1 - type: integer 
	Parameter C_REG_A_D_INPUTS bound to: 0 - type: integer 
	Parameter C_REG_DPRA_INPUT bound to: 0 - type: integer 
	Parameter C_SYNC_ENABLE bound to: 1 - type: integer 
	Parameter C_WIDTH bound to: 32 - type: integer 
	Parameter C_PARSER_TYPE bound to: 1 - type: integer 
INFO: [Synth 8-3491] module 'dist_mem_gen_v8_0_13' declared at 'c:/Users/lqy/Desktop/Lab2/Lab2.gen/sources_1/ip/ROM_D/hdl/dist_mem_gen_v8_0_vhsyn_rfs.vhd:3237' bound to instance 'U0' of component 'dist_mem_gen_v8_0_13' [c:/Users/lqy/Desktop/Lab2/Lab2.gen/sources_1/ip/ROM_D/synth/ROM_D.vhd:132]
INFO: [Synth 8-256] done synthesizing module 'ROM_D' (0#1) [c:/Users/lqy/Desktop/Lab2/Lab2.gen/sources_1/ip/ROM_D/synth/ROM_D.vhd:66]
INFO: [Synth 8-6157] synthesizing module 'RAM_B' [C:/Users/lqy/Desktop/Lab2/IPs/RAM_B.v:15]
INFO: [Synth 8-6157] synthesizing module 'MIO_BUS' [C:/Users/lqy/Desktop/Lab2/IPs/MIO_BUS.v:15]
INFO: [Synth 8-6157] synthesizing module 'Multi_8CH32' [C:/Users/lqy/Desktop/Lab2/IPs/Multi_8CH32.v:15]
INFO: [Synth 8-6157] synthesizing module 'Seg7_Dev_0' [c:/Users/lqy/Desktop/Lab2/Lab2.gen/sources_1/ip/Seg7_Dev_0/synth/Seg7_Dev_0.v:53]
INFO: [Synth 8-6157] synthesizing module 'Seg7_Dev' [c:/Users/lqy/Desktop/Lab2/Lab2.gen/sources_1/ip/Seg7_Dev_0/Seg7_Dev.v:23]
INFO: [Synth 8-6157] synthesizing module 'dispsync' [c:/Users/lqy/Desktop/Lab2/Lab2.gen/sources_1/ip/Seg7_Dev_0/DisplaySync.v:23]
INFO: [Synth 8-6155] done synthesizing module 'dispsync' (0#1) [c:/Users/lqy/Desktop/Lab2/Lab2.gen/sources_1/ip/Seg7_Dev_0/DisplaySync.v:23]
INFO: [Synth 8-6157] synthesizing module 'MC_14495' [c:/Users/lqy/Desktop/Lab2/Lab2.gen/sources_1/ip/Seg7_Dev_0/MC_14495.v:23]
INFO: [Synth 8-6157] synthesizing module 'INV' [D:/Vivado/2023.1/scripts/rt/data/unisim_comp.v:76256]
INFO: [Synth 8-6155] done synthesizing module 'INV' (0#1) [D:/Vivado/2023.1/scripts/rt/data/unisim_comp.v:76256]
INFO: [Synth 8-6157] synthesizing module 'AND4' [D:/Vivado/2023.1/scripts/rt/data/unisim_comp.v:569]
INFO: [Synth 8-6155] done synthesizing module 'AND4' (0#1) [D:/Vivado/2023.1/scripts/rt/data/unisim_comp.v:569]
INFO: [Synth 8-6157] synthesizing module 'OR4' [D:/Vivado/2023.1/scripts/rt/data/unisim_comp.v:95090]
INFO: [Synth 8-6155] done synthesizing module 'OR4' (0#1) [D:/Vivado/2023.1/scripts/rt/data/unisim_comp.v:95090]
INFO: [Synth 8-6157] synthesizing module 'AND3' [D:/Vivado/2023.1/scripts/rt/data/unisim_comp.v:521]
INFO: [Synth 8-6155] done synthesizing module 'AND3' (0#1) [D:/Vivado/2023.1/scripts/rt/data/unisim_comp.v:521]
INFO: [Synth 8-6157] synthesizing module 'OR3' [D:/Vivado/2023.1/scripts/rt/data/unisim_comp.v:95042]
INFO: [Synth 8-6155] done synthesizing module 'OR3' (0#1) [D:/Vivado/2023.1/scripts/rt/data/unisim_comp.v:95042]
INFO: [Synth 8-6157] synthesizing module 'AND2' [D:/Vivado/2023.1/scripts/rt/data/unisim_comp.v:473]
INFO: [Synth 8-6155] done synthesizing module 'AND2' (0#1) [D:/Vivado/2023.1/scripts/rt/data/unisim_comp.v:473]
INFO: [Synth 8-6157] synthesizing module 'OR2' [D:/Vivado/2023.1/scripts/rt/data/unisim_comp.v:94996]
INFO: [Synth 8-6155] done synthesizing module 'OR2' (0#1) [D:/Vivado/2023.1/scripts/rt/data/unisim_comp.v:94996]
INFO: [Synth 8-6155] done synthesizing module 'MC_14495' (0#1) [c:/Users/lqy/Desktop/Lab2/Lab2.gen/sources_1/ip/Seg7_Dev_0/MC_14495.v:23]
INFO: [Synth 8-6155] done synthesizing module 'Seg7_Dev' (0#1) [c:/Users/lqy/Desktop/Lab2/Lab2.gen/sources_1/ip/Seg7_Dev_0/Seg7_Dev.v:23]
INFO: [Synth 8-6155] done synthesizing module 'Seg7_Dev_0' (0#1) [c:/Users/lqy/Desktop/Lab2/Lab2.gen/sources_1/ip/Seg7_Dev_0/synth/Seg7_Dev_0.v:53]
INFO: [Synth 8-6157] synthesizing module 'SPIO' [C:/Users/lqy/Desktop/Lab2/IPs/SPIO.v:15]
WARNING: [Synth 8-7071] port 'led_clk' of module 'SPIO' is unconnected for instance 'U7' [C:/Users/lqy/Desktop/Lab2/Lab2.srcs/sources_1/new/CSSTE.v:193]
WARNING: [Synth 8-7071] port 'led_sout' of module 'SPIO' is unconnected for instance 'U7' [C:/Users/lqy/Desktop/Lab2/Lab2.srcs/sources_1/new/CSSTE.v:193]
WARNING: [Synth 8-7071] port 'led_clrn' of module 'SPIO' is unconnected for instance 'U7' [C:/Users/lqy/Desktop/Lab2/Lab2.srcs/sources_1/new/CSSTE.v:193]
WARNING: [Synth 8-7071] port 'LED_PEN' of module 'SPIO' is unconnected for instance 'U7' [C:/Users/lqy/Desktop/Lab2/Lab2.srcs/sources_1/new/CSSTE.v:193]
WARNING: [Synth 8-7071] port 'GPIOf0' of module 'SPIO' is unconnected for instance 'U7' [C:/Users/lqy/Desktop/Lab2/Lab2.srcs/sources_1/new/CSSTE.v:193]
WARNING: [Synth 8-7023] instance 'U7' of module 'SPIO' has 12 connections declared, but only 7 given [C:/Users/lqy/Desktop/Lab2/Lab2.srcs/sources_1/new/CSSTE.v:193]
INFO: [Synth 8-6157] synthesizing module 'clk_div' [C:/Users/lqy/Desktop/Lab2/IPs/clk_div.v:15]
INFO: [Synth 8-6157] synthesizing module 'SAnti_jitter' [C:/Users/lqy/Desktop/Lab2/IPs/SAnti_jitter.v:15]
WARNING: [Synth 8-7071] port 'Key_x' of module 'SAnti_jitter' is unconnected for instance 'U9' [C:/Users/lqy/Desktop/Lab2/Lab2.srcs/sources_1/new/CSSTE.v:222]
WARNING: [Synth 8-7071] port 'Key_out' of module 'SAnti_jitter' is unconnected for instance 'U9' [C:/Users/lqy/Desktop/Lab2/Lab2.srcs/sources_1/new/CSSTE.v:222]
WARNING: [Synth 8-7071] port 'Key_ready' of module 'SAnti_jitter' is unconnected for instance 'U9' [C:/Users/lqy/Desktop/Lab2/Lab2.srcs/sources_1/new/CSSTE.v:222]
WARNING: [Synth 8-7071] port 'pulse_out' of module 'SAnti_jitter' is unconnected for instance 'U9' [C:/Users/lqy/Desktop/Lab2/Lab2.srcs/sources_1/new/CSSTE.v:222]
WARNING: [Synth 8-7071] port 'CR' of module 'SAnti_jitter' is unconnected for instance 'U9' [C:/Users/lqy/Desktop/Lab2/Lab2.srcs/sources_1/new/CSSTE.v:222]
WARNING: [Synth 8-7023] instance 'U9' of module 'SAnti_jitter' has 13 connections declared, but only 8 given [C:/Users/lqy/Desktop/Lab2/Lab2.srcs/sources_1/new/CSSTE.v:222]
INFO: [Synth 8-6157] synthesizing module 'Counter_x' [C:/Users/lqy/Desktop/Lab2/IPs/Counter_x.v:15]
INFO: [Synth 8-6157] synthesizing module 'VGA' [C:/Users/lqy/Desktop/Lab2/IPs/VGA.v:15]
INFO: [Synth 8-6155] done synthesizing module 'CSSTE' (0#1) [C:/Users/lqy/Desktop/Lab2/Lab2.srcs/sources_1/new/CSSTE.v:3]
WARNING: [Synth 8-7129] Port qspo[31] in module rom is either unconnected or has no load
WARNING: [Synth 8-7129] Port qspo[30] in module rom is either unconnected or has no load
WARNING: [Synth 8-7129] Port qspo[29] in module rom is either unconnected or has no load
WARNING: [Synth 8-7129] Port qspo[28] in module rom is either unconnected or has no load
WARNING: [Synth 8-7129] Port qspo[27] in module rom is either unconnected or has no load
WARNING: [Synth 8-7129] Port qspo[26] in module rom is either unconnected or has no load
WARNING: [Synth 8-7129] Port qspo[25] in module rom is either unconnected or has no load
WARNING: [Synth 8-7129] Port qspo[24] in module rom is either unconnected or has no load
WARNING: [Synth 8-7129] Port qspo[23] in module rom is either unconnected or has no load
WARNING: [Synth 8-7129] Port qspo[22] in module rom is either unconnected or has no load
WARNING: [Synth 8-7129] Port qspo[21] in module rom is either unconnected or has no load
WARNING: [Synth 8-7129] Port qspo[20] in module rom is either unconnected or has no load
WARNING: [Synth 8-7129] Port qspo[19] in module rom is either unconnected or has no load
WARNING: [Synth 8-7129] Port qspo[18] in module rom is either unconnected or has no load
WARNING: [Synth 8-7129] Port qspo[17] in module rom is either unconnected or has no load
WARNING: [Synth 8-7129] Port qspo[16] in module rom is either unconnected or has no load
WARNING: [Synth 8-7129] Port qspo[15] in module rom is either unconnected or has no load
WARNING: [Synth 8-7129] Port qspo[14] in module rom is either unconnected or has no load
WARNING: [Synth 8-7129] Port qspo[13] in module rom is either unconnected or has no load
WARNING: [Synth 8-7129] Port qspo[12] in module rom is either unconnected or has no load
WARNING: [Synth 8-7129] Port qspo[11] in module rom is either unconnected or has no load
WARNING: [Synth 8-7129] Port qspo[10] in module rom is either unconnected or has no load
WARNING: [Synth 8-7129] Port qspo[9] in module rom is either unconnected or has no load
WARNING: [Synth 8-7129] Port qspo[8] in module rom is either unconnected or has no load
WARNING: [Synth 8-7129] Port qspo[7] in module rom is either unconnected or has no load
WARNING: [Synth 8-7129] Port qspo[6] in module rom is either unconnected or has no load
WARNING: [Synth 8-7129] Port qspo[5] in module rom is either unconnected or has no load
WARNING: [Synth 8-7129] Port qspo[4] in module rom is either unconnected or has no load
WARNING: [Synth 8-7129] Port qspo[3] in module rom is either unconnected or has no load
WARNING: [Synth 8-7129] Port qspo[2] in module rom is either unconnected or has no load
WARNING: [Synth 8-7129] Port qspo[1] in module rom is either unconnected or has no load
WARNING: [Synth 8-7129] Port qspo[0] in module rom is either unconnected or has no load
WARNING: [Synth 8-7129] Port clk in module rom is either unconnected or has no load
WARNING: [Synth 8-7129] Port qspo_ce in module rom is either unconnected or has no load
WARNING: [Synth 8-7129] Port qspo_rst in module rom is either unconnected or has no load
WARNING: [Synth 8-7129] Port qspo_srst in module rom is either unconnected or has no load
WARNING: [Synth 8-7129] Port dpo[31] in module dist_mem_gen_v8_0_13_synth is either unconnected or has no load
WARNING: [Synth 8-7129] Port dpo[30] in module dist_mem_gen_v8_0_13_synth is either unconnected or has no load
WARNING: [Synth 8-7129] Port dpo[29] in module dist_mem_gen_v8_0_13_synth is either unconnected or has no load
WARNING: [Synth 8-7129] Port dpo[28] in module dist_mem_gen_v8_0_13_synth is either unconnected or has no load
WARNING: [Synth 8-7129] Port dpo[27] in module dist_mem_gen_v8_0_13_synth is either unconnected or has no load
WARNING: [Synth 8-7129] Port dpo[26] in module dist_mem_gen_v8_0_13_synth is either unconnected or has no load
WARNING: [Synth 8-7129] Port dpo[25] in module dist_mem_gen_v8_0_13_synth is either unconnected or has no load
WARNING: [Synth 8-7129] Port dpo[24] in module dist_mem_gen_v8_0_13_synth is either unconnected or has no load
WARNING: [Synth 8-7129] Port dpo[23] in module dist_mem_gen_v8_0_13_synth is either unconnected or has no load
WARNING: [Synth 8-7129] Port dpo[22] in module dist_mem_gen_v8_0_13_synth is either unconnected or has no load
WARNING: [Synth 8-7129] Port dpo[21] in module dist_mem_gen_v8_0_13_synth is either unconnected or has no load
WARNING: [Synth 8-7129] Port dpo[20] in module dist_mem_gen_v8_0_13_synth is either unconnected or has no load
WARNING: [Synth 8-7129] Port dpo[19] in module dist_mem_gen_v8_0_13_synth is either unconnected or has no load
WARNING: [Synth 8-7129] Port dpo[18] in module dist_mem_gen_v8_0_13_synth is either unconnected or has no load
WARNING: [Synth 8-7129] Port dpo[17] in module dist_mem_gen_v8_0_13_synth is either unconnected or has no load
WARNING: [Synth 8-7129] Port dpo[16] in module dist_mem_gen_v8_0_13_synth is either unconnected or has no load
WARNING: [Synth 8-7129] Port dpo[15] in module dist_mem_gen_v8_0_13_synth is either unconnected or has no load
WARNING: [Synth 8-7129] Port dpo[14] in module dist_mem_gen_v8_0_13_synth is either unconnected or has no load
WARNING: [Synth 8-7129] Port dpo[13] in module dist_mem_gen_v8_0_13_synth is either unconnected or has no load
WARNING: [Synth 8-7129] Port dpo[12] in module dist_mem_gen_v8_0_13_synth is either unconnected or has no load
WARNING: [Synth 8-7129] Port dpo[11] in module dist_mem_gen_v8_0_13_synth is either unconnected or has no load
WARNING: [Synth 8-7129] Port dpo[10] in module dist_mem_gen_v8_0_13_synth is either unconnected or has no load
WARNING: [Synth 8-7129] Port dpo[9] in module dist_mem_gen_v8_0_13_synth is either unconnected or has no load
WARNING: [Synth 8-7129] Port dpo[8] in module dist_mem_gen_v8_0_13_synth is either unconnected or has no load
WARNING: [Synth 8-7129] Port dpo[7] in module dist_mem_gen_v8_0_13_synth is either unconnected or has no load
WARNING: [Synth 8-7129] Port dpo[6] in module dist_mem_gen_v8_0_13_synth is either unconnected or has no load
WARNING: [Synth 8-7129] Port dpo[5] in module dist_mem_gen_v8_0_13_synth is either unconnected or has no load
WARNING: [Synth 8-7129] Port dpo[4] in module dist_mem_gen_v8_0_13_synth is either unconnected or has no load
WARNING: [Synth 8-7129] Port dpo[3] in module dist_mem_gen_v8_0_13_synth is either unconnected or has no load
WARNING: [Synth 8-7129] Port dpo[2] in module dist_mem_gen_v8_0_13_synth is either unconnected or has no load
WARNING: [Synth 8-7129] Port dpo[1] in module dist_mem_gen_v8_0_13_synth is either unconnected or has no load
WARNING: [Synth 8-7129] Port dpo[0] in module dist_mem_gen_v8_0_13_synth is either unconnected or has no load
WARNING: [Synth 8-7129] Port qdpo[31] in module dist_mem_gen_v8_0_13_synth is either unconnected or has no load
WARNING: [Synth 8-7129] Port qdpo[30] in module dist_mem_gen_v8_0_13_synth is either unconnected or has no load
WARNING: [Synth 8-7129] Port qdpo[29] in module dist_mem_gen_v8_0_13_synth is either unconnected or has no load
WARNING: [Synth 8-7129] Port qdpo[28] in module dist_mem_gen_v8_0_13_synth is either unconnected or has no load
WARNING: [Synth 8-7129] Port qdpo[27] in module dist_mem_gen_v8_0_13_synth is either unconnected or has no load
WARNING: [Synth 8-7129] Port qdpo[26] in module dist_mem_gen_v8_0_13_synth is either unconnected or has no load
WARNING: [Synth 8-7129] Port qdpo[25] in module dist_mem_gen_v8_0_13_synth is either unconnected or has no load
WARNING: [Synth 8-7129] Port qdpo[24] in module dist_mem_gen_v8_0_13_synth is either unconnected or has no load
WARNING: [Synth 8-7129] Port qdpo[23] in module dist_mem_gen_v8_0_13_synth is either unconnected or has no load
WARNING: [Synth 8-7129] Port qdpo[22] in module dist_mem_gen_v8_0_13_synth is either unconnected or has no load
WARNING: [Synth 8-7129] Port qdpo[21] in module dist_mem_gen_v8_0_13_synth is either unconnected or has no load
WARNING: [Synth 8-7129] Port qdpo[20] in module dist_mem_gen_v8_0_13_synth is either unconnected or has no load
WARNING: [Synth 8-7129] Port qdpo[19] in module dist_mem_gen_v8_0_13_synth is either unconnected or has no load
WARNING: [Synth 8-7129] Port qdpo[18] in module dist_mem_gen_v8_0_13_synth is either unconnected or has no load
WARNING: [Synth 8-7129] Port qdpo[17] in module dist_mem_gen_v8_0_13_synth is either unconnected or has no load
WARNING: [Synth 8-7129] Port qdpo[16] in module dist_mem_gen_v8_0_13_synth is either unconnected or has no load
WARNING: [Synth 8-7129] Port qdpo[15] in module dist_mem_gen_v8_0_13_synth is either unconnected or has no load
WARNING: [Synth 8-7129] Port qdpo[14] in module dist_mem_gen_v8_0_13_synth is either unconnected or has no load
WARNING: [Synth 8-7129] Port qdpo[13] in module dist_mem_gen_v8_0_13_synth is either unconnected or has no load
WARNING: [Synth 8-7129] Port qdpo[12] in module dist_mem_gen_v8_0_13_synth is either unconnected or has no load
WARNING: [Synth 8-7129] Port qdpo[11] in module dist_mem_gen_v8_0_13_synth is either unconnected or has no load
WARNING: [Synth 8-7129] Port qdpo[10] in module dist_mem_gen_v8_0_13_synth is either unconnected or has no load
WARNING: [Synth 8-7129] Port qdpo[9] in module dist_mem_gen_v8_0_13_synth is either unconnected or has no load
WARNING: [Synth 8-7129] Port qdpo[8] in module dist_mem_gen_v8_0_13_synth is either unconnected or has no load
WARNING: [Synth 8-7129] Port qdpo[7] in module dist_mem_gen_v8_0_13_synth is either unconnected or has no load
WARNING: [Synth 8-7129] Port qdpo[6] in module dist_mem_gen_v8_0_13_synth is either unconnected or has no load
WARNING: [Synth 8-7129] Port qdpo[5] in module dist_mem_gen_v8_0_13_synth is either unconnected or has no load
WARNING: [Synth 8-7129] Port qdpo[4] in module dist_mem_gen_v8_0_13_synth is either unconnected or has no load
WARNING: [Synth 8-7129] Port qdpo[3] in module dist_mem_gen_v8_0_13_synth is either unconnected or has no load
WARNING: [Synth 8-7129] Port qdpo[2] in module dist_mem_gen_v8_0_13_synth is either unconnected or has no load
WARNING: [Synth 8-7129] Port qdpo[1] in module dist_mem_gen_v8_0_13_synth is either unconnected or has no load
WARNING: [Synth 8-7129] Port qdpo[0] in module dist_mem_gen_v8_0_13_synth is either unconnected or has no load
INFO: [Common 17-14] Message 'Synth 8-7129' appears 100 times and further instances of the messages will be disabled. Use the Tcl command set_msg_config to change the current settings.
---------------------------------------------------------------------------------
Finished RTL Elaboration : Time (s): cpu = 00:00:06 ; elapsed = 00:00:11 . Memory (MB): peak = 1392.168 ; gain = 511.992
---------------------------------------------------------------------------------
---------------------------------------------------------------------------------
Start Handling Custom Attributes
---------------------------------------------------------------------------------
---------------------------------------------------------------------------------
Finished Handling Custom Attributes : Time (s): cpu = 00:00:07 ; elapsed = 00:00:11 . Memory (MB): peak = 1392.168 ; gain = 511.992
---------------------------------------------------------------------------------
---------------------------------------------------------------------------------
Finished RTL Optimization Phase 1 : Time (s): cpu = 00:00:07 ; elapsed = 00:00:11 . Memory (MB): peak = 1392.168 ; gain = 511.992
---------------------------------------------------------------------------------
Netlist sorting complete. Time (s): cpu = 00:00:00 ; elapsed = 00:00:00.012 . Memory (MB): peak = 1392.168 ; gain = 0.000
INFO: [Netlist 29-17] Analyzing 40 Unisim elements for replacement
INFO: [Netlist 29-28] Unisim Transformation completed in 0 CPU seconds
INFO: [Project 1-570] Preparing netlist for logic optimization

Processing XDC Constraints
Initializing timing engine
Parsing XDC File [C:/Users/lqy/Desktop/Lab2/A7.xdc]
Finished Parsing XDC File [C:/Users/lqy/Desktop/Lab2/A7.xdc]
INFO: [Project 1-236] Implementation specific constraints were found while reading constraint file [C:/Users/lqy/Desktop/Lab2/A7.xdc]. These constraints will be ignored for synthesis but will be used in implementation. Impacted constraints are listed in the file [.Xil/CSSTE_propImpl.xdc].
Resolution: To avoid this warning, move constraints listed in [.Xil/CSSTE_propImpl.xdc] to another XDC file and exclude this new file from synthesis with the used_in_synthesis property (File Properties dialog in GUI) and re-run elaboration/synthesis.
Parsing XDC File [C:/Users/lqy/Desktop/Lab2/Lab2.runs/synth_1/dont_touch.xdc]
Finished Parsing XDC File [C:/Users/lqy/Desktop/Lab2/Lab2.runs/synth_1/dont_touch.xdc]
Completed Processing XDC Constraints

Netlist sorting complete. Time (s): cpu = 00:00:00 ; elapsed = 00:00:00.001 . Memory (MB): peak = 1471.039 ; gain = 0.000
INFO: [Project 1-111] Unisim Transformation Summary:
  A total of 40 instances were transformed.
  AND2 => LUT2: 1 instance 
  AND3 => LUT3: 11 instances
  AND4 => LUT4: 9 instances
  INV => LUT1: 5 instances
  OR2 => LUT2: 7 instances
  OR3 => LUT3: 3 instances
  OR4 => LUT4: 4 instances

Constraint Validation Runtime : Time (s): cpu = 00:00:00 ; elapsed = 00:00:00.004 . Memory (MB): peak = 1471.039 ; gain = 0.000
INFO: [Designutils 20-5440] No compile time benefit to using incremental synthesis; A full resynthesis will be run
INFO: [Designutils 20-4379] Flow is switching to default flow due to incremental criteria not met. If you would like to alter this behaviour and have the flow terminate instead, please set the following parameter config_implementation {autoIncr.Synth.RejectBehavior Terminate}
---------------------------------------------------------------------------------
Finished Constraint Validation : Time (s): cpu = 00:00:13 ; elapsed = 00:00:21 . Memory (MB): peak = 1471.039 ; gain = 590.863
---------------------------------------------------------------------------------
---------------------------------------------------------------------------------
Start Loading Part and Timing Information
---------------------------------------------------------------------------------
Loading part: xc7a100tcsg324-1
---------------------------------------------------------------------------------
Finished Loading Part and Timing Information : Time (s): cpu = 00:00:13 ; elapsed = 00:00:21 . Memory (MB): peak = 1471.039 ; gain = 590.863
---------------------------------------------------------------------------------
---------------------------------------------------------------------------------
Start Applying 'set_property' XDC Constraints
---------------------------------------------------------------------------------
Applied set_property KEEP_HIERARCHY = SOFT for U6. (constraint file  auto generated constraint).
Applied set_property KEEP_HIERARCHY = SOFT for U2. (constraint file  auto generated constraint).
---------------------------------------------------------------------------------
Finished applying 'set_property' XDC Constraints : Time (s): cpu = 00:00:13 ; elapsed = 00:00:21 . Memory (MB): peak = 1471.039 ; gain = 590.863
---------------------------------------------------------------------------------
---------------------------------------------------------------------------------
Finished RTL Optimization Phase 2 : Time (s): cpu = 00:00:13 ; elapsed = 00:00:22 . Memory (MB): peak = 1471.039 ; gain = 590.863
---------------------------------------------------------------------------------
---------------------------------------------------------------------------------
Start RTL Component Statistics 
---------------------------------------------------------------------------------
Detailed RTL Component Info : 
+---Muxes : 
	   8 Input    8 Bit        Muxes := 1     
---------------------------------------------------------------------------------
Finished RTL Component Statistics 
---------------------------------------------------------------------------------
---------------------------------------------------------------------------------
Start Part Resource Summary
---------------------------------------------------------------------------------
Part Resources:
DSPs: 240 (col length:80)
BRAMs: 270 (col length: RAMB18 80 RAMB36 40)
---------------------------------------------------------------------------------
Finished Part Resource Summary
---------------------------------------------------------------------------------
---------------------------------------------------------------------------------
Start Cross Boundary and Area Optimization
---------------------------------------------------------------------------------
WARNING: [Synth 8-7080] Parallel synthesis criteria is not met
---------------------------------------------------------------------------------
Finished Cross Boundary and Area Optimization : Time (s): cpu = 00:00:15 ; elapsed = 00:00:25 . Memory (MB): peak = 1471.039 ; gain = 590.863
---------------------------------------------------------------------------------
---------------------------------------------------------------------------------
Start ROM, RAM, DSP, Shift Register and Retiming Reporting
---------------------------------------------------------------------------------

ROM: Preliminary Mapping Report
+---------------------+--------------------------------------------------------+---------------+----------------+
|Module Name          | RTL Object                                             | Depth x Width | Implemented As | 
+---------------------+--------------------------------------------------------+---------------+----------------+
|rom                  | rom[1023]                                              | 1024x9        | LUT            | 
|dist_mem_gen_v8_0_13 | synth_options.dist_mem_inst/gen_rom.rom_inst/rom[1023] | 1024x8        | LUT            | 
+---------------------+--------------------------------------------------------+---------------+----------------+

---------------------------------------------------------------------------------
Finished ROM, RAM, DSP, Shift Register and Retiming Reporting
---------------------------------------------------------------------------------
---------------------------------------------------------------------------------
Start Applying XDC Timing Constraints
---------------------------------------------------------------------------------
---------------------------------------------------------------------------------
Finished Applying XDC Timing Constraints : Time (s): cpu = 00:00:19 ; elapsed = 00:00:33 . Memory (MB): peak = 1471.039 ; gain = 590.863
---------------------------------------------------------------------------------
---------------------------------------------------------------------------------
Start Timing Optimization
---------------------------------------------------------------------------------
---------------------------------------------------------------------------------
Finished Timing Optimization : Time (s): cpu = 00:00:19 ; elapsed = 00:00:33 . Memory (MB): peak = 1471.039 ; gain = 590.863
---------------------------------------------------------------------------------
---------------------------------------------------------------------------------
Start Technology Mapping
---------------------------------------------------------------------------------
---------------------------------------------------------------------------------
Finished Technology Mapping : Time (s): cpu = 00:00:19 ; elapsed = 00:00:33 . Memory (MB): peak = 1471.039 ; gain = 590.863
---------------------------------------------------------------------------------
---------------------------------------------------------------------------------
Start IO Insertion
---------------------------------------------------------------------------------
---------------------------------------------------------------------------------
Start Flattening Before IO Insertion
---------------------------------------------------------------------------------
---------------------------------------------------------------------------------
Finished Flattening Before IO Insertion
---------------------------------------------------------------------------------
---------------------------------------------------------------------------------
Start Final Netlist Cleanup
---------------------------------------------------------------------------------
---------------------------------------------------------------------------------
Finished Final Netlist Cleanup
---------------------------------------------------------------------------------
---------------------------------------------------------------------------------
Finished IO Insertion : Time (s): cpu = 00:00:23 ; elapsed = 00:00:39 . Memory (MB): peak = 1471.039 ; gain = 590.863
---------------------------------------------------------------------------------
---------------------------------------------------------------------------------
Start Renaming Generated Instances
---------------------------------------------------------------------------------
---------------------------------------------------------------------------------
Finished Renaming Generated Instances : Time (s): cpu = 00:00:23 ; elapsed = 00:00:39 . Memory (MB): peak = 1471.039 ; gain = 590.863
---------------------------------------------------------------------------------
---------------------------------------------------------------------------------
Start Rebuilding User Hierarchy
---------------------------------------------------------------------------------
---------------------------------------------------------------------------------
Finished Rebuilding User Hierarchy : Time (s): cpu = 00:00:23 ; elapsed = 00:00:39 . Memory (MB): peak = 1471.039 ; gain = 590.863
---------------------------------------------------------------------------------
---------------------------------------------------------------------------------
Start Renaming Generated Ports
---------------------------------------------------------------------------------
---------------------------------------------------------------------------------
Finished Renaming Generated Ports : Time (s): cpu = 00:00:23 ; elapsed = 00:00:39 . Memory (MB): peak = 1471.039 ; gain = 590.863
---------------------------------------------------------------------------------
---------------------------------------------------------------------------------
Start Handling Custom Attributes
---------------------------------------------------------------------------------
---------------------------------------------------------------------------------
Finished Handling Custom Attributes : Time (s): cpu = 00:00:23 ; elapsed = 00:00:39 . Memory (MB): peak = 1471.039 ; gain = 590.863
---------------------------------------------------------------------------------
---------------------------------------------------------------------------------
Start Renaming Generated Nets
---------------------------------------------------------------------------------
---------------------------------------------------------------------------------
Finished Renaming Generated Nets : Time (s): cpu = 00:00:23 ; elapsed = 00:00:39 . Memory (MB): peak = 1471.039 ; gain = 590.863
---------------------------------------------------------------------------------
---------------------------------------------------------------------------------
Start Writing Synthesis Report
---------------------------------------------------------------------------------

Report BlackBoxes: 
+------+--------------+----------+
|      |BlackBox name |Instances |
+------+--------------+----------+
|1     |SCPU          |         1|
|2     |RAM_B         |         1|
|3     |MIO_BUS       |         1|
|4     |Multi_8CH32   |         1|
|5     |SPIO          |         1|
|6     |clk_div       |         1|
|7     |SAnti_jitter  |         1|
|8     |Counter_x     |         1|
|9     |VGA           |         1|
+------+--------------+----------+

Report Cell Usage: 
+------+------------------+------+
|      |Cell              |Count |
+------+------------------+------+
|1     |Counter_x_bbox    |     1|
|2     |MIO_BUS_bbox      |     1|
|3     |Multi_8CH32_bbox  |     1|
|4     |RAM_B_bbox        |     1|
|5     |SAnti_jitter_bbox |     1|
|6     |SCPU_bbox         |     1|
|7     |SPIO_bbox         |     1|
|8     |VGA_bbox          |     1|
|9     |clk_div_bbox      |     1|
|10    |AND2              |     1|
|11    |AND3              |    11|
|12    |AND4              |     9|
|13    |INV               |     5|
|14    |LUT1              |     2|
|15    |LUT2              |     1|
|16    |LUT3              |     8|
|17    |LUT5              |     6|
|18    |LUT6              |    13|
|19    |MUXF7             |     6|
|20    |OR2               |     7|
|21    |OR3               |     3|
|22    |OR4               |     4|
|23    |IBUF              |    22|
|24    |OBUF              |    46|
+------+------------------+------+
---------------------------------------------------------------------------------
Finished Writing Synthesis Report : Time (s): cpu = 00:00:23 ; elapsed = 00:00:39 . Memory (MB): peak = 1471.039 ; gain = 590.863
---------------------------------------------------------------------------------
Synthesis finished with 0 errors, 0 critical warnings and 149 warnings.
Synthesis Optimization Runtime : Time (s): cpu = 00:00:15 ; elapsed = 00:00:37 . Memory (MB): peak = 1471.039 ; gain = 511.992
Synthesis Optimization Complete : Time (s): cpu = 00:00:23 ; elapsed = 00:00:39 . Memory (MB): peak = 1471.039 ; gain = 590.863
INFO: [Project 1-571] Translating synthesized netlist
Parsing EDIF File [C:/Users/lqy/Desktop/Lab2/IPs/SCPU.edf]
Finished Parsing EDIF File [C:/Users/lqy/Desktop/Lab2/IPs/SCPU.edf]
Parsing EDIF File [C:/Users/lqy/Desktop/Lab2/IPs/RAM_B.edf]
Finished Parsing EDIF File [C:/Users/lqy/Desktop/Lab2/IPs/RAM_B.edf]
Parsing EDIF File [C:/Users/lqy/Desktop/Lab2/IPs/MIO_BUS.edf]
Finished Parsing EDIF File [C:/Users/lqy/Desktop/Lab2/IPs/MIO_BUS.edf]
Parsing EDIF File [C:/Users/lqy/Desktop/Lab2/IPs/Multi_8CH32.edf]
Finished Parsing EDIF File [C:/Users/lqy/Desktop/Lab2/IPs/Multi_8CH32.edf]
Parsing EDIF File [C:/Users/lqy/Desktop/Lab2/IPs/SPIO.edf]
Finished Parsing EDIF File [C:/Users/lqy/Desktop/Lab2/IPs/SPIO.edf]
Parsing EDIF File [C:/Users/lqy/Desktop/Lab2/IPs/clk_div.edf]
Finished Parsing EDIF File [C:/Users/lqy/Desktop/Lab2/IPs/clk_div.edf]
Parsing EDIF File [C:/Users/lqy/Desktop/Lab2/IPs/SAnti_jitter.edf]
Finished Parsing EDIF File [C:/Users/lqy/Desktop/Lab2/IPs/SAnti_jitter.edf]
Parsing EDIF File [C:/Users/lqy/Desktop/Lab2/IPs/Counter_x.edf]
Finished Parsing EDIF File [C:/Users/lqy/Desktop/Lab2/IPs/Counter_x.edf]
Parsing EDIF File [C:/Users/lqy/Desktop/Lab2/IPs/VGA.edf]
Finished Parsing EDIF File [C:/Users/lqy/Desktop/Lab2/IPs/VGA.edf]
Netlist sorting complete. Time (s): cpu = 00:00:00 ; elapsed = 00:00:00.033 . Memory (MB): peak = 1471.039 ; gain = 0.000
INFO: [Netlist 29-17] Analyzing 1113 Unisim elements for replacement
INFO: [Netlist 29-28] Unisim Transformation completed in 0 CPU seconds
INFO: [Project 1-479] Netlist was created with Vivado 2017.4
INFO: [Project 1-570] Preparing netlist for logic optimization
INFO: [Opt 31-138] Pushed 1 inverter(s) to 2 load pin(s).
Netlist sorting complete. Time (s): cpu = 00:00:00 ; elapsed = 00:00:00.002 . Memory (MB): peak = 1471.039 ; gain = 0.000
INFO: [Project 1-111] Unisim Transformation Summary:
  A total of 296 instances were transformed.
  AND2 => LUT2: 1 instance 
  AND3 => LUT3: 11 instances
  AND4 => LUT4: 9 instances
  INV => LUT1: 5 instances
  OR2 => LUT2: 7 instances
  OR3 => LUT3: 3 instances
  OR4 => LUT4: 4 instances
  RAM64M => RAM64M (RAMD64E(x4)): 128 instances
  RAM64X1D => RAM64X1D (RAMD64E(x2)): 128 instances

Synth Design complete | Checksum: 89dcfd7
INFO: [Common 17-83] Releasing license: Synthesis
64 Infos, 115 Warnings, 0 Critical Warnings and 0 Errors encountered.
synth_design completed successfully
synth_design: Time (s): cpu = 00:00:28 ; elapsed = 00:00:49 . Memory (MB): peak = 1471.039 ; gain = 987.633
INFO: [Common 17-1381] The checkpoint 'C:/Users/lqy/Desktop/Lab2/Lab2.runs/synth_1/CSSTE.dcp' has been generated.
INFO: [runtcl-4] Executing : report_utilization -file CSSTE_utilization_synth.rpt -pb CSSTE_utilization_synth.pb
INFO: [Common 17-206] Exiting Vivado at Thu Mar 21 20:30:50 2024...
