Copyright 1986-2022 Xilinx, Inc. All Rights Reserved. Copyright 2022-2023 Advanced Micro Devices, Inc. All Rights Reserved.
------------------------------------------------------------------------------------------------------------------------------------------------------------------------------------------------------------------------
| Tool Version : Vivado v.2023.1 (win64) Build 3865809 Sun May  7 15:05:29 MDT 2023
| Date         : Thu Feb 29 19:48:48 2024
| Host         : LAPTOP-SDV26TG8 running 64-bit major release  (build 9200)
| Command      : report_timing_summary -max_paths 10 -report_unconstrained -file Water_LED_timing_summary_routed.rpt -pb Water_LED_timing_summary_routed.pb -rpx Water_LED_timing_summary_routed.rpx -warn_on_violation
| Design       : Water_LED
| Device       : 7a100t-csg324
| Speed File   : -1  PRODUCTION 1.23 2018-06-13
| Design State : Routed
------------------------------------------------------------------------------------------------------------------------------------------------------------------------------------------------------------------------

Timing Summary Report

------------------------------------------------------------------------------------------------
| Timer Settings
| --------------
------------------------------------------------------------------------------------------------

  Enable Multi Corner Analysis               :  Yes
  Enable Pessimism Removal                   :  Yes
  Pessimism Removal Resolution               :  Nearest Common Node
  Enable Input Delay Default Clock           :  No
  Enable Preset / Clear Arcs                 :  No
  Disable Flight Delays                      :  No
  Ignore I/O Paths                           :  No
  Timing Early Launch at Borrowing Latches   :  No
  Borrow Time for Max Delay Exceptions       :  Yes
  Merge Timing Exceptions                    :  Yes

  Corner  Analyze    Analyze    
  Name    Max Paths  Min Paths  
  ------  ---------  ---------  
  Slow    Yes        Yes        
  Fast    Yes        Yes        


------------------------------------------------------------------------------------------------
| Report Methodology
| ------------------
------------------------------------------------------------------------------------------------

Rule       Severity          Description                  Violations  
---------  ----------------  ---------------------------  ----------  
TIMING-17  Critical Warning  Non-clocked sequential cell  37          

Note: This report is based on the most recent report_methodology run and may not be up-to-date. Run report_methodology on the current design for the latest report.



check_timing report

Table of Contents
-----------------
1. checking no_clock (37)
2. checking constant_clock (0)
3. checking pulse_width_clock (0)
4. checking unconstrained_internal_endpoints (79)
5. checking no_input_delay (1)
6. checking no_output_delay (4)
7. checking multiple_clock (0)
8. checking generated_clocks (0)
9. checking loops (0)
10. checking partial_input_delay (0)
11. checking partial_output_delay (0)
12. checking latch_loops (0)

1. checking no_clock (37)
-------------------------
 There are 37 register/latch pins with no clock driven by root clock pin: CLK_i (HIGH)


2. checking constant_clock (0)
------------------------------
 There are 0 register/latch pins with constant_clock.


3. checking pulse_width_clock (0)
---------------------------------
 There are 0 register/latch pins which need pulse_width check


4. checking unconstrained_internal_endpoints (79)
-------------------------------------------------
 There are 79 pins that are not constrained for maximum delay. (HIGH)

 There are 0 pins that are not constrained for maximum delay due to constant clock.


5. checking no_input_delay (1)
------------------------------
 There is 1 input port with no input delay specified. (HIGH)

 There are 0 input ports with no input delay but user has a false path constraint.


6. checking no_output_delay (4)
-------------------------------
 There are 4 ports with no output delay specified. (HIGH)

 There are 0 ports with no output delay but user has a false path constraint

 There are 0 ports with no output delay but with a timing clock defined on it or propagating through it


7. checking multiple_clock (0)
------------------------------
 There are 0 register/latch pins with multiple clocks.


8. checking generated_clocks (0)
--------------------------------
 There are 0 generated clocks that are not connected to a clock source.


9. checking loops (0)
---------------------
 There are 0 combinational loops in the design.


10. checking partial_input_delay (0)
------------------------------------
 There are 0 input ports with partial input delay specified.


11. checking partial_output_delay (0)
-------------------------------------
 There are 0 ports with partial output delay specified.


12. checking latch_loops (0)
----------------------------
 There are 0 combinational latch loops in the design through latch input



------------------------------------------------------------------------------------------------
| Design Timing Summary
| ---------------------
------------------------------------------------------------------------------------------------

    WNS(ns)      TNS(ns)  TNS Failing Endpoints  TNS Total Endpoints      WHS(ns)      THS(ns)  THS Failing Endpoints  THS Total Endpoints     WPWS(ns)     TPWS(ns)  TPWS Failing Endpoints  TPWS Total Endpoints  
    -------      -------  ---------------------  -------------------      -------      -------  ---------------------  -------------------     --------     --------  ----------------------  --------------------  
        inf        0.000                      0                   83          inf        0.000                      0                   83           NA           NA                      NA                    NA  


There are no user specified timing constraints.


------------------------------------------------------------------------------------------------
| Clock Summary
| -------------
------------------------------------------------------------------------------------------------


------------------------------------------------------------------------------------------------
| Intra Clock Table
| -----------------
------------------------------------------------------------------------------------------------

Clock             WNS(ns)      TNS(ns)  TNS Failing Endpoints  TNS Total Endpoints      WHS(ns)      THS(ns)  THS Failing Endpoints  THS Total Endpoints     WPWS(ns)     TPWS(ns)  TPWS Failing Endpoints  TPWS Total Endpoints  
-----             -------      -------  ---------------------  -------------------      -------      -------  ---------------------  -------------------     --------     --------  ----------------------  --------------------  


------------------------------------------------------------------------------------------------
| Inter Clock Table
| -----------------
------------------------------------------------------------------------------------------------

From Clock    To Clock          WNS(ns)      TNS(ns)  TNS Failing Endpoints  TNS Total Endpoints      WHS(ns)      THS(ns)  THS Failing Endpoints  THS Total Endpoints  
----------    --------          -------      -------  ---------------------  -------------------      -------      -------  ---------------------  -------------------  


------------------------------------------------------------------------------------------------
| Other Path Groups Table
| -----------------------
------------------------------------------------------------------------------------------------

Path Group    From Clock    To Clock          WNS(ns)      TNS(ns)  TNS Failing Endpoints  TNS Total Endpoints      WHS(ns)      THS(ns)  THS Failing Endpoints  THS Total Endpoints  
----------    ----------    --------          -------      -------  ---------------------  -------------------      -------      -------  ---------------------  -------------------  


------------------------------------------------------------------------------------------------
| User Ignored Path Table
| -----------------------
------------------------------------------------------------------------------------------------

Path Group    From Clock    To Clock    
----------    ----------    --------    


------------------------------------------------------------------------------------------------
| Unconstrained Path Table
| ------------------------
------------------------------------------------------------------------------------------------

Path Group    From Clock    To Clock    
----------    ----------    --------    
(none)                                    


------------------------------------------------------------------------------------------------
| Timing Details
| --------------
------------------------------------------------------------------------------------------------


--------------------------------------------------------------------------------------
Path Group:  (none)
From Clock:  
  To Clock:  

Max Delay            83 Endpoints
Min Delay            83 Endpoints
--------------------------------------------------------------------------------------


Max Delay Paths
--------------------------------------------------------------------------------------
Slack:                    inf
  Source:                 LED_o_reg[3]_lopt_replica/C
                            (rising edge-triggered cell FDRE)
  Destination:            LED_o[3]
                            (output port)
  Path Group:             (none)
  Path Type:              Max at Slow Process Corner
  Data Path Delay:        6.546ns  (logic 4.007ns (61.210%)  route 2.539ns (38.790%))
  Logic Levels:           2  (FDRE=1 OBUF=1)

    Location             Delay type                Incr(ns)  Path(ns)    Netlist Resource(s)
  -------------------------------------------------------------------    -------------------
    SLICE_X1Y112         FDRE                         0.000     0.000 r  LED_o_reg[3]_lopt_replica/C
    SLICE_X1Y112         FDRE (Prop_fdre_C_Q)         0.456     0.456 r  LED_o_reg[3]_lopt_replica/Q
                         net (fo=1, routed)           2.539     2.995    LED_o_reg[3]_lopt_replica_1
    N14                  OBUF (Prop_obuf_I_O)         3.551     6.546 r  LED_o_OBUF[3]_inst/O
                         net (fo=0)                   0.000     6.546    LED_o[3]
    N14                                                               r  LED_o[3] (OUT)
  -------------------------------------------------------------------    -------------------

Slack:                    inf
  Source:                 LED_o_reg[1]/C
                            (rising edge-triggered cell FDRE)
  Destination:            LED_o[1]
                            (output port)
  Path Group:             (none)
  Path Type:              Max at Slow Process Corner
  Data Path Delay:        6.083ns  (logic 4.129ns (67.883%)  route 1.954ns (32.117%))
  Logic Levels:           2  (FDRE=1 OBUF=1)

    Location             Delay type                Incr(ns)  Path(ns)    Netlist Resource(s)
  -------------------------------------------------------------------    -------------------
    SLICE_X1Y112         FDRE                         0.000     0.000 r  LED_o_reg[1]/C
    SLICE_X1Y112         FDRE (Prop_fdre_C_Q)         0.419     0.419 r  LED_o_reg[1]/Q
                         net (fo=3, routed)           1.954     2.373    LED_o_OBUF[1]
    K15                  OBUF (Prop_obuf_I_O)         3.710     6.083 r  LED_o_OBUF[1]_inst/O
                         net (fo=0)                   0.000     6.083    LED_o[1]
    K15                                                               r  LED_o[1] (OUT)
  -------------------------------------------------------------------    -------------------

Slack:                    inf
  Source:                 RSTn_i
                            (input port)
  Destination:            C0_reg[28]/R
  Path Group:             (none)
  Path Type:              Max at Slow Process Corner
  Data Path Delay:        6.029ns  (logic 1.631ns (27.052%)  route 4.398ns (72.948%))
  Logic Levels:           2  (IBUF=1 LUT5=1)

    Location             Delay type                Incr(ns)  Path(ns)    Netlist Resource(s)
  -------------------------------------------------------------------    -------------------
    C12                                               0.000     0.000 f  RSTn_i (IN)
                         net (fo=0)                   0.000     0.000    RSTn_i
    C12                  IBUF (Prop_ibuf_I_O)         1.507     1.507 f  RSTn_i_IBUF_inst/O
                         net (fo=2, routed)           2.426     3.933    RSTn_i_IBUF
    SLICE_X1Y113         LUT5 (Prop_lut5_I4_O)        0.124     4.057 r  C0[0]_i_1/O
                         net (fo=32, routed)          1.973     6.029    C0[0]_i_1_n_0
    SLICE_X0Y118         FDRE                                         r  C0_reg[28]/R
  -------------------------------------------------------------------    -------------------

Slack:                    inf
  Source:                 RSTn_i
                            (input port)
  Destination:            C0_reg[29]/R
  Path Group:             (none)
  Path Type:              Max at Slow Process Corner
  Data Path Delay:        6.029ns  (logic 1.631ns (27.052%)  route 4.398ns (72.948%))
  Logic Levels:           2  (IBUF=1 LUT5=1)

    Location             Delay type                Incr(ns)  Path(ns)    Netlist Resource(s)
  -------------------------------------------------------------------    -------------------
    C12                                               0.000     0.000 f  RSTn_i (IN)
                         net (fo=0)                   0.000     0.000    RSTn_i
    C12                  IBUF (Prop_ibuf_I_O)         1.507     1.507 f  RSTn_i_IBUF_inst/O
                         net (fo=2, routed)           2.426     3.933    RSTn_i_IBUF
    SLICE_X1Y113         LUT5 (Prop_lut5_I4_O)        0.124     4.057 r  C0[0]_i_1/O
                         net (fo=32, routed)          1.973     6.029    C0[0]_i_1_n_0
    SLICE_X0Y118         FDRE                                         r  C0_reg[29]/R
  -------------------------------------------------------------------    -------------------

Slack:                    inf
  Source:                 RSTn_i
                            (input port)
  Destination:            C0_reg[30]/R
  Path Group:             (none)
  Path Type:              Max at Slow Process Corner
  Data Path Delay:        6.029ns  (logic 1.631ns (27.052%)  route 4.398ns (72.948%))
  Logic Levels:           2  (IBUF=1 LUT5=1)

    Location             Delay type                Incr(ns)  Path(ns)    Netlist Resource(s)
  -------------------------------------------------------------------    -------------------
    C12                                               0.000     0.000 f  RSTn_i (IN)
                         net (fo=0)                   0.000     0.000    RSTn_i
    C12                  IBUF (Prop_ibuf_I_O)         1.507     1.507 f  RSTn_i_IBUF_inst/O
                         net (fo=2, routed)           2.426     3.933    RSTn_i_IBUF
    SLICE_X1Y113         LUT5 (Prop_lut5_I4_O)        0.124     4.057 r  C0[0]_i_1/O
                         net (fo=32, routed)          1.973     6.029    C0[0]_i_1_n_0
    SLICE_X0Y118         FDRE                                         r  C0_reg[30]/R
  -------------------------------------------------------------------    -------------------

Slack:                    inf
  Source:                 RSTn_i
                            (input port)
  Destination:            C0_reg[31]/R
  Path Group:             (none)
  Path Type:              Max at Slow Process Corner
  Data Path Delay:        6.029ns  (logic 1.631ns (27.052%)  route 4.398ns (72.948%))
  Logic Levels:           2  (IBUF=1 LUT5=1)

    Location             Delay type                Incr(ns)  Path(ns)    Netlist Resource(s)
  -------------------------------------------------------------------    -------------------
    C12                                               0.000     0.000 f  RSTn_i (IN)
                         net (fo=0)                   0.000     0.000    RSTn_i
    C12                  IBUF (Prop_ibuf_I_O)         1.507     1.507 f  RSTn_i_IBUF_inst/O
                         net (fo=2, routed)           2.426     3.933    RSTn_i_IBUF
    SLICE_X1Y113         LUT5 (Prop_lut5_I4_O)        0.124     4.057 r  C0[0]_i_1/O
                         net (fo=32, routed)          1.973     6.029    C0[0]_i_1_n_0
    SLICE_X0Y118         FDRE                                         r  C0_reg[31]/R
  -------------------------------------------------------------------    -------------------

Slack:                    inf
  Source:                 RSTn_i
                            (input port)
  Destination:            C0_reg[24]/R
  Path Group:             (none)
  Path Type:              Max at Slow Process Corner
  Data Path Delay:        5.891ns  (logic 1.631ns (27.687%)  route 4.260ns (72.313%))
  Logic Levels:           2  (IBUF=1 LUT5=1)

    Location             Delay type                Incr(ns)  Path(ns)    Netlist Resource(s)
  -------------------------------------------------------------------    -------------------
    C12                                               0.000     0.000 f  RSTn_i (IN)
                         net (fo=0)                   0.000     0.000    RSTn_i
    C12                  IBUF (Prop_ibuf_I_O)         1.507     1.507 f  RSTn_i_IBUF_inst/O
                         net (fo=2, routed)           2.426     3.933    RSTn_i_IBUF
    SLICE_X1Y113         LUT5 (Prop_lut5_I4_O)        0.124     4.057 r  C0[0]_i_1/O
                         net (fo=32, routed)          1.834     5.891    C0[0]_i_1_n_0
    SLICE_X0Y117         FDRE                                         r  C0_reg[24]/R
  -------------------------------------------------------------------    -------------------

Slack:                    inf
  Source:                 RSTn_i
                            (input port)
  Destination:            C0_reg[25]/R
  Path Group:             (none)
  Path Type:              Max at Slow Process Corner
  Data Path Delay:        5.891ns  (logic 1.631ns (27.687%)  route 4.260ns (72.313%))
  Logic Levels:           2  (IBUF=1 LUT5=1)

    Location             Delay type                Incr(ns)  Path(ns)    Netlist Resource(s)
  -------------------------------------------------------------------    -------------------
    C12                                               0.000     0.000 f  RSTn_i (IN)
                         net (fo=0)                   0.000     0.000    RSTn_i
    C12                  IBUF (Prop_ibuf_I_O)         1.507     1.507 f  RSTn_i_IBUF_inst/O
                         net (fo=2, routed)           2.426     3.933    RSTn_i_IBUF
    SLICE_X1Y113         LUT5 (Prop_lut5_I4_O)        0.124     4.057 r  C0[0]_i_1/O
                         net (fo=32, routed)          1.834     5.891    C0[0]_i_1_n_0
    SLICE_X0Y117         FDRE                                         r  C0_reg[25]/R
  -------------------------------------------------------------------    -------------------

Slack:                    inf
  Source:                 RSTn_i
                            (input port)
  Destination:            C0_reg[26]/R
  Path Group:             (none)
  Path Type:              Max at Slow Process Corner
  Data Path Delay:        5.891ns  (logic 1.631ns (27.687%)  route 4.260ns (72.313%))
  Logic Levels:           2  (IBUF=1 LUT5=1)

    Location             Delay type                Incr(ns)  Path(ns)    Netlist Resource(s)
  -------------------------------------------------------------------    -------------------
    C12                                               0.000     0.000 f  RSTn_i (IN)
                         net (fo=0)                   0.000     0.000    RSTn_i
    C12                  IBUF (Prop_ibuf_I_O)         1.507     1.507 f  RSTn_i_IBUF_inst/O
                         net (fo=2, routed)           2.426     3.933    RSTn_i_IBUF
    SLICE_X1Y113         LUT5 (Prop_lut5_I4_O)        0.124     4.057 r  C0[0]_i_1/O
                         net (fo=32, routed)          1.834     5.891    C0[0]_i_1_n_0
    SLICE_X0Y117         FDRE                                         r  C0_reg[26]/R
  -------------------------------------------------------------------    -------------------

Slack:                    inf
  Source:                 RSTn_i
                            (input port)
  Destination:            C0_reg[27]/R
  Path Group:             (none)
  Path Type:              Max at Slow Process Corner
  Data Path Delay:        5.891ns  (logic 1.631ns (27.687%)  route 4.260ns (72.313%))
  Logic Levels:           2  (IBUF=1 LUT5=1)

    Location             Delay type                Incr(ns)  Path(ns)    Netlist Resource(s)
  -------------------------------------------------------------------    -------------------
    C12                                               0.000     0.000 f  RSTn_i (IN)
                         net (fo=0)                   0.000     0.000    RSTn_i
    C12                  IBUF (Prop_ibuf_I_O)         1.507     1.507 f  RSTn_i_IBUF_inst/O
                         net (fo=2, routed)           2.426     3.933    RSTn_i_IBUF
    SLICE_X1Y113         LUT5 (Prop_lut5_I4_O)        0.124     4.057 r  C0[0]_i_1/O
                         net (fo=32, routed)          1.834     5.891    C0[0]_i_1_n_0
    SLICE_X0Y117         FDRE                                         r  C0_reg[27]/R
  -------------------------------------------------------------------    -------------------





Min Delay Paths
--------------------------------------------------------------------------------------
Slack:                    inf
  Source:                 LED_o_reg[0]/C
                            (rising edge-triggered cell FDSE)
  Destination:            LED_o_reg[1]/D
  Path Group:             (none)
  Path Type:              Min at Fast Process Corner
  Data Path Delay:        0.220ns  (logic 0.141ns (64.033%)  route 0.079ns (35.967%))
  Logic Levels:           1  (FDSE=1)

    Location             Delay type                Incr(ns)  Path(ns)    Netlist Resource(s)
  -------------------------------------------------------------------    -------------------
    SLICE_X1Y112         FDSE                         0.000     0.000 r  LED_o_reg[0]/C
    SLICE_X1Y112         FDSE (Prop_fdse_C_Q)         0.141     0.141 r  LED_o_reg[0]/Q
                         net (fo=3, routed)           0.079     0.220    LED_o_OBUF[0]
    SLICE_X1Y112         FDRE                                         r  LED_o_reg[1]/D
  -------------------------------------------------------------------    -------------------

Slack:                    inf
  Source:                 LED_o_reg[2]/C
                            (rising edge-triggered cell FDRE)
  Destination:            LED_o_reg[3]_lopt_replica/D
  Path Group:             (none)
  Path Type:              Min at Fast Process Corner
  Data Path Delay:        0.276ns  (logic 0.141ns (51.152%)  route 0.135ns (48.848%))
  Logic Levels:           1  (FDRE=1)

    Location             Delay type                Incr(ns)  Path(ns)    Netlist Resource(s)
  -------------------------------------------------------------------    -------------------
    SLICE_X1Y112         FDRE                         0.000     0.000 r  LED_o_reg[2]/C
    SLICE_X1Y112         FDRE (Prop_fdre_C_Q)         0.141     0.141 r  LED_o_reg[2]/Q
                         net (fo=4, routed)           0.135     0.276    LED_o_OBUF[2]
    SLICE_X1Y112         FDRE                                         r  LED_o_reg[3]_lopt_replica/D
  -------------------------------------------------------------------    -------------------

Slack:                    inf
  Source:                 LED_o_reg[1]/C
                            (rising edge-triggered cell FDRE)
  Destination:            LED_o_reg[0]/D
  Path Group:             (none)
  Path Type:              Min at Fast Process Corner
  Data Path Delay:        0.316ns  (logic 0.227ns (71.863%)  route 0.089ns (28.137%))
  Logic Levels:           2  (FDRE=1 LUT4=1)

    Location             Delay type                Incr(ns)  Path(ns)    Netlist Resource(s)
  -------------------------------------------------------------------    -------------------
    SLICE_X1Y112         FDRE                         0.000     0.000 r  LED_o_reg[1]/C
    SLICE_X1Y112         FDRE (Prop_fdre_C_Q)         0.128     0.128 f  LED_o_reg[1]/Q
                         net (fo=3, routed)           0.089     0.217    LED_o_OBUF[1]
    SLICE_X1Y112         LUT4 (Prop_lut4_I3_O)        0.099     0.316 r  LED_o[0]_i_1/O
                         net (fo=1, routed)           0.000     0.316    LED_o[0]_i_1_n_0
    SLICE_X1Y112         FDSE                                         r  LED_o_reg[0]/D
  -------------------------------------------------------------------    -------------------

Slack:                    inf
  Source:                 LED_o_reg[1]/C
                            (rising edge-triggered cell FDRE)
  Destination:            LED_o_reg[2]/D
  Path Group:             (none)
  Path Type:              Min at Fast Process Corner
  Data Path Delay:        0.363ns  (logic 0.128ns (35.291%)  route 0.235ns (64.709%))
  Logic Levels:           1  (FDRE=1)

    Location             Delay type                Incr(ns)  Path(ns)    Netlist Resource(s)
  -------------------------------------------------------------------    -------------------
    SLICE_X1Y112         FDRE                         0.000     0.000 r  LED_o_reg[1]/C
    SLICE_X1Y112         FDRE (Prop_fdre_C_Q)         0.128     0.128 r  LED_o_reg[1]/Q
                         net (fo=3, routed)           0.235     0.363    LED_o_OBUF[1]
    SLICE_X1Y112         FDRE                                         r  LED_o_reg[2]/D
  -------------------------------------------------------------------    -------------------

Slack:                    inf
  Source:                 C0_reg[10]/C
                            (rising edge-triggered cell FDRE)
  Destination:            C0_reg[10]/D
  Path Group:             (none)
  Path Type:              Min at Fast Process Corner
  Data Path Delay:        0.386ns  (logic 0.252ns (65.354%)  route 0.134ns (34.646%))
  Logic Levels:           2  (CARRY4=1 FDRE=1)

    Location             Delay type                Incr(ns)  Path(ns)    Netlist Resource(s)
  -------------------------------------------------------------------    -------------------
    SLICE_X0Y113         FDRE                         0.000     0.000 r  C0_reg[10]/C
    SLICE_X0Y113         FDRE (Prop_fdre_C_Q)         0.141     0.141 r  C0_reg[10]/Q
                         net (fo=2, routed)           0.134     0.275    C0_reg[10]
    SLICE_X0Y113         CARRY4 (Prop_carry4_S[2]_O[2])
                                                      0.111     0.386 r  C0_reg[8]_i_1/O[2]
                         net (fo=1, routed)           0.000     0.386    C0_reg[8]_i_1_n_5
    SLICE_X0Y113         FDRE                                         r  C0_reg[10]/D
  -------------------------------------------------------------------    -------------------

Slack:                    inf
  Source:                 C0_reg[14]/C
                            (rising edge-triggered cell FDRE)
  Destination:            C0_reg[14]/D
  Path Group:             (none)
  Path Type:              Min at Fast Process Corner
  Data Path Delay:        0.386ns  (logic 0.252ns (65.354%)  route 0.134ns (34.646%))
  Logic Levels:           2  (CARRY4=1 FDRE=1)

    Location             Delay type                Incr(ns)  Path(ns)    Netlist Resource(s)
  -------------------------------------------------------------------    -------------------
    SLICE_X0Y114         FDRE                         0.000     0.000 r  C0_reg[14]/C
    SLICE_X0Y114         FDRE (Prop_fdre_C_Q)         0.141     0.141 r  C0_reg[14]/Q
                         net (fo=2, routed)           0.134     0.275    C0_reg[14]
    SLICE_X0Y114         CARRY4 (Prop_carry4_S[2]_O[2])
                                                      0.111     0.386 r  C0_reg[12]_i_1/O[2]
                         net (fo=1, routed)           0.000     0.386    C0_reg[12]_i_1_n_5
    SLICE_X0Y114         FDRE                                         r  C0_reg[14]/D
  -------------------------------------------------------------------    -------------------

Slack:                    inf
  Source:                 C0_reg[18]/C
                            (rising edge-triggered cell FDRE)
  Destination:            C0_reg[18]/D
  Path Group:             (none)
  Path Type:              Min at Fast Process Corner
  Data Path Delay:        0.386ns  (logic 0.252ns (65.354%)  route 0.134ns (34.646%))
  Logic Levels:           2  (CARRY4=1 FDRE=1)

    Location             Delay type                Incr(ns)  Path(ns)    Netlist Resource(s)
  -------------------------------------------------------------------    -------------------
    SLICE_X0Y115         FDRE                         0.000     0.000 r  C0_reg[18]/C
    SLICE_X0Y115         FDRE (Prop_fdre_C_Q)         0.141     0.141 r  C0_reg[18]/Q
                         net (fo=2, routed)           0.134     0.275    C0_reg[18]
    SLICE_X0Y115         CARRY4 (Prop_carry4_S[2]_O[2])
                                                      0.111     0.386 r  C0_reg[16]_i_1/O[2]
                         net (fo=1, routed)           0.000     0.386    C0_reg[16]_i_1_n_5
    SLICE_X0Y115         FDRE                                         r  C0_reg[18]/D
  -------------------------------------------------------------------    -------------------

Slack:                    inf
  Source:                 C0_reg[22]/C
                            (rising edge-triggered cell FDRE)
  Destination:            C0_reg[22]/D
  Path Group:             (none)
  Path Type:              Min at Fast Process Corner
  Data Path Delay:        0.386ns  (logic 0.252ns (65.354%)  route 0.134ns (34.646%))
  Logic Levels:           2  (CARRY4=1 FDRE=1)

    Location             Delay type                Incr(ns)  Path(ns)    Netlist Resource(s)
  -------------------------------------------------------------------    -------------------
    SLICE_X0Y116         FDRE                         0.000     0.000 r  C0_reg[22]/C
    SLICE_X0Y116         FDRE (Prop_fdre_C_Q)         0.141     0.141 r  C0_reg[22]/Q
                         net (fo=2, routed)           0.134     0.275    C0_reg[22]
    SLICE_X0Y116         CARRY4 (Prop_carry4_S[2]_O[2])
                                                      0.111     0.386 r  C0_reg[20]_i_1/O[2]
                         net (fo=1, routed)           0.000     0.386    C0_reg[20]_i_1_n_5
    SLICE_X0Y116         FDRE                                         r  C0_reg[22]/D
  -------------------------------------------------------------------    -------------------

Slack:                    inf
  Source:                 C0_reg[26]/C
                            (rising edge-triggered cell FDRE)
  Destination:            C0_reg[26]/D
  Path Group:             (none)
  Path Type:              Min at Fast Process Corner
  Data Path Delay:        0.386ns  (logic 0.252ns (65.354%)  route 0.134ns (34.646%))
  Logic Levels:           2  (CARRY4=1 FDRE=1)

    Location             Delay type                Incr(ns)  Path(ns)    Netlist Resource(s)
  -------------------------------------------------------------------    -------------------
    SLICE_X0Y117         FDRE                         0.000     0.000 r  C0_reg[26]/C
    SLICE_X0Y117         FDRE (Prop_fdre_C_Q)         0.141     0.141 r  C0_reg[26]/Q
                         net (fo=2, routed)           0.134     0.275    C0_reg[26]
    SLICE_X0Y117         CARRY4 (Prop_carry4_S[2]_O[2])
                                                      0.111     0.386 r  C0_reg[24]_i_1/O[2]
                         net (fo=1, routed)           0.000     0.386    C0_reg[24]_i_1_n_5
    SLICE_X0Y117         FDRE                                         r  C0_reg[26]/D
  -------------------------------------------------------------------    -------------------

Slack:                    inf
  Source:                 C0_reg[2]/C
                            (rising edge-triggered cell FDRE)
  Destination:            C0_reg[2]/D
  Path Group:             (none)
  Path Type:              Min at Fast Process Corner
  Data Path Delay:        0.386ns  (logic 0.252ns (65.354%)  route 0.134ns (34.646%))
  Logic Levels:           2  (CARRY4=1 FDRE=1)

    Location             Delay type                Incr(ns)  Path(ns)    Netlist Resource(s)
  -------------------------------------------------------------------    -------------------
    SLICE_X0Y111         FDRE                         0.000     0.000 r  C0_reg[2]/C
    SLICE_X0Y111         FDRE (Prop_fdre_C_Q)         0.141     0.141 r  C0_reg[2]/Q
                         net (fo=2, routed)           0.134     0.275    C0_reg[2]
    SLICE_X0Y111         CARRY4 (Prop_carry4_S[2]_O[2])
                                                      0.111     0.386 r  C0_reg[0]_i_2/O[2]
                         net (fo=1, routed)           0.000     0.386    C0_reg[0]_i_2_n_5
    SLICE_X0Y111         FDRE                                         r  C0_reg[2]/D
  -------------------------------------------------------------------    -------------------





