----------------------------------------
Artist: The Beatles
Number of tracks: 7
Playing time: 50 minutes
Got it: yes
Comment: Great album
----------------------------------------
----------------------------------------
Artist: The Beatles
Number of tracks: 6
Playing time: 60 minutes
Got it: no
Comment: Boring album
----------------------------------------
----------------------------------------
Director: James Cameron
Title: Avatar
Playing time: 120 minutes
Got it: yes
Comment: Great movie
----------------------------------------
----------------------------------------
Director: Christopher Nolan
Title: Inception
Playing time: 90 minutes
Got it: no
Comment: Boring movie
----------------------------------------
----------------------------------------
Artist:  John Marker
Number of tracks: 7
Playing time: 74 minutes
Got it: yes
Comment: nothing
----------------------------------------
----------------------------------------
Director:  Wala Wala
Title:  Go East
Playing time: 74 minutes
Got it: yes
Comment: fine movie
----------------------------------------
